2023-10-24 11:05:54,986 [Worker-1: Loading available Gradle versions] INFO  o.e.b.c.i.u.g.PublishedGradleVersions - Gradle version information cache is up-to-date. Trying to read.
2023-10-24 11:10:32,107 [Worker-19: Launching mavenrun-64401e42-1c48-4f55-91b5-1e264d0f9dfb] INFO  o.eclipse.m2e.core.internal.Bundles - getClasspathEntries(Bundle=org.eclipse.m2e.maven.runtime_3.8.701.20230209-1606 [610])
2023-10-24 11:10:32,231 [Worker-19: Launching mavenrun-64401e42-1c48-4f55-91b5-1e264d0f9dfb] INFO  o.eclipse.m2e.core.internal.Bundles - 	Entry: C:\Users\amitsaib\Downloads\eclipse-jee-2023-03-R-win32-x86_64\eclipse\plugins\org.eclipse.m2e.maven.runtime_3.8.701.20230209-1606
2023-10-24 11:10:32,232 [Worker-19: Launching mavenrun-64401e42-1c48-4f55-91b5-1e264d0f9dfb] INFO  o.eclipse.m2e.core.internal.Bundles - 	Entry: C:\Users\amitsaib\Downloads\eclipse-jee-2023-03-R-win32-x86_64\eclipse\plugins\org.eclipse.m2e.maven.runtime_3.8.701.20230209-1606\jars\aether-connector-okhttp-0.17.8.jar
2023-10-24 11:10:32,232 [Worker-19: Launching mavenrun-64401e42-1c48-4f55-91b5-1e264d0f9dfb] INFO  o.eclipse.m2e.core.internal.Bundles - 	Entry: C:\Users\amitsaib\Downloads\eclipse-jee-2023-03-R-win32-x86_64\eclipse\plugins\org.eclipse.m2e.maven.runtime_3.8.701.20230209-1606\jars\commons-lang3-3.8.1.jar
2023-10-24 11:10:32,232 [Worker-19: Launching mavenrun-64401e42-1c48-4f55-91b5-1e264d0f9dfb] INFO  o.eclipse.m2e.core.internal.Bundles - 	Entry: C:\Users\amitsaib\Downloads\eclipse-jee-2023-03-R-win32-x86_64\eclipse\plugins\org.eclipse.m2e.maven.runtime_3.8.701.20230209-1606\jars\guice-4.2.2-no_aop.jar
2023-10-24 11:10:32,232 [Worker-19: Launching mavenrun-64401e42-1c48-4f55-91b5-1e264d0f9dfb] INFO  o.eclipse.m2e.core.internal.Bundles - 	Entry: C:\Users\amitsaib\Downloads\eclipse-jee-2023-03-R-win32-x86_64\eclipse\plugins\org.eclipse.m2e.maven.runtime_3.8.701.20230209-1606\jars\jansi-2.4.0.jar
2023-10-24 11:10:32,232 [Worker-19: Launching mavenrun-64401e42-1c48-4f55-91b5-1e264d0f9dfb] INFO  o.eclipse.m2e.core.internal.Bundles - 	Entry: C:\Users\amitsaib\Downloads\eclipse-jee-2023-03-R-win32-x86_64\eclipse\plugins\org.eclipse.m2e.maven.runtime_3.8.701.20230209-1606\jars\maven-artifact-3.8.7.jar
2023-10-24 11:10:32,232 [Worker-19: Launching mavenrun-64401e42-1c48-4f55-91b5-1e264d0f9dfb] INFO  o.eclipse.m2e.core.internal.Bundles - 	Entry: C:\Users\amitsaib\Downloads\eclipse-jee-2023-03-R-win32-x86_64\eclipse\plugins\org.eclipse.m2e.maven.runtime_3.8.701.20230209-1606\jars\maven-builder-support-3.8.7.jar
2023-10-24 11:10:32,233 [Worker-19: Launching mavenrun-64401e42-1c48-4f55-91b5-1e264d0f9dfb] INFO  o.eclipse.m2e.core.internal.Bundles - 	Entry: C:\Users\amitsaib\Downloads\eclipse-jee-2023-03-R-win32-x86_64\eclipse\plugins\org.eclipse.m2e.maven.runtime_3.8.701.20230209-1606\jars\maven-compat-3.8.7.jar
2023-10-24 11:10:32,233 [Worker-19: Launching mavenrun-64401e42-1c48-4f55-91b5-1e264d0f9dfb] INFO  o.eclipse.m2e.core.internal.Bundles - 	Entry: C:\Users\amitsaib\Downloads\eclipse-jee-2023-03-R-win32-x86_64\eclipse\plugins\org.eclipse.m2e.maven.runtime_3.8.701.20230209-1606\jars\maven-core-3.8.7.jar
2023-10-24 11:10:32,233 [Worker-19: Launching mavenrun-64401e42-1c48-4f55-91b5-1e264d0f9dfb] INFO  o.eclipse.m2e.core.internal.Bundles - 	Entry: C:\Users\amitsaib\Downloads\eclipse-jee-2023-03-R-win32-x86_64\eclipse\plugins\org.eclipse.m2e.maven.runtime_3.8.701.20230209-1606\jars\maven-embedder-3.8.7.jar
2023-10-24 11:10:32,233 [Worker-19: Launching mavenrun-64401e42-1c48-4f55-91b5-1e264d0f9dfb] INFO  o.eclipse.m2e.core.internal.Bundles - 	Entry: C:\Users\amitsaib\Downloads\eclipse-jee-2023-03-R-win32-x86_64\eclipse\plugins\org.eclipse.m2e.maven.runtime_3.8.701.20230209-1606\jars\maven-model-3.8.7.jar
2023-10-24 11:10:32,233 [Worker-19: Launching mavenrun-64401e42-1c48-4f55-91b5-1e264d0f9dfb] INFO  o.eclipse.m2e.core.internal.Bundles - 	Entry: C:\Users\amitsaib\Downloads\eclipse-jee-2023-03-R-win32-x86_64\eclipse\plugins\org.eclipse.m2e.maven.runtime_3.8.701.20230209-1606\jars\maven-model-builder-3.8.7.jar
2023-10-24 11:10:32,233 [Worker-19: Launching mavenrun-64401e42-1c48-4f55-91b5-1e264d0f9dfb] INFO  o.eclipse.m2e.core.internal.Bundles - 	Entry: C:\Users\amitsaib\Downloads\eclipse-jee-2023-03-R-win32-x86_64\eclipse\plugins\org.eclipse.m2e.maven.runtime_3.8.701.20230209-1606\jars\maven-plugin-api-3.8.7.jar
2023-10-24 11:10:32,233 [Worker-19: Launching mavenrun-64401e42-1c48-4f55-91b5-1e264d0f9dfb] INFO  o.eclipse.m2e.core.internal.Bundles - 	Entry: C:\Users\amitsaib\Downloads\eclipse-jee-2023-03-R-win32-x86_64\eclipse\plugins\org.eclipse.m2e.maven.runtime_3.8.701.20230209-1606\jars\maven-repository-metadata-3.8.7.jar
2023-10-24 11:10:32,233 [Worker-19: Launching mavenrun-64401e42-1c48-4f55-91b5-1e264d0f9dfb] INFO  o.eclipse.m2e.core.internal.Bundles - 	Entry: C:\Users\amitsaib\Downloads\eclipse-jee-2023-03-R-win32-x86_64\eclipse\plugins\org.eclipse.m2e.maven.runtime_3.8.701.20230209-1606\jars\maven-resolver-api-1.6.3.jar
2023-10-24 11:10:32,233 [Worker-19: Launching mavenrun-64401e42-1c48-4f55-91b5-1e264d0f9dfb] INFO  o.eclipse.m2e.core.internal.Bundles - 	Entry: C:\Users\amitsaib\Downloads\eclipse-jee-2023-03-R-win32-x86_64\eclipse\plugins\org.eclipse.m2e.maven.runtime_3.8.701.20230209-1606\jars\maven-resolver-connector-basic-1.6.3.jar
2023-10-24 11:10:32,233 [Worker-19: Launching mavenrun-64401e42-1c48-4f55-91b5-1e264d0f9dfb] INFO  o.eclipse.m2e.core.internal.Bundles - 	Entry: C:\Users\amitsaib\Downloads\eclipse-jee-2023-03-R-win32-x86_64\eclipse\plugins\org.eclipse.m2e.maven.runtime_3.8.701.20230209-1606\jars\maven-resolver-impl-1.6.3.jar
2023-10-24 11:10:32,233 [Worker-19: Launching mavenrun-64401e42-1c48-4f55-91b5-1e264d0f9dfb] INFO  o.eclipse.m2e.core.internal.Bundles - 	Entry: C:\Users\amitsaib\Downloads\eclipse-jee-2023-03-R-win32-x86_64\eclipse\plugins\org.eclipse.m2e.maven.runtime_3.8.701.20230209-1606\jars\maven-resolver-provider-3.8.7.jar
2023-10-24 11:10:32,234 [Worker-19: Launching mavenrun-64401e42-1c48-4f55-91b5-1e264d0f9dfb] INFO  o.eclipse.m2e.core.internal.Bundles - 	Entry: C:\Users\amitsaib\Downloads\eclipse-jee-2023-03-R-win32-x86_64\eclipse\plugins\org.eclipse.m2e.maven.runtime_3.8.701.20230209-1606\jars\maven-resolver-spi-1.6.3.jar
2023-10-24 11:10:32,234 [Worker-19: Launching mavenrun-64401e42-1c48-4f55-91b5-1e264d0f9dfb] INFO  o.eclipse.m2e.core.internal.Bundles - 	Entry: C:\Users\amitsaib\Downloads\eclipse-jee-2023-03-R-win32-x86_64\eclipse\plugins\org.eclipse.m2e.maven.runtime_3.8.701.20230209-1606\jars\maven-resolver-transport-wagon-1.6.3.jar
2023-10-24 11:10:32,234 [Worker-19: Launching mavenrun-64401e42-1c48-4f55-91b5-1e264d0f9dfb] INFO  o.eclipse.m2e.core.internal.Bundles - 	Entry: C:\Users\amitsaib\Downloads\eclipse-jee-2023-03-R-win32-x86_64\eclipse\plugins\org.eclipse.m2e.maven.runtime_3.8.701.20230209-1606\jars\maven-resolver-util-1.6.3.jar
2023-10-24 11:10:32,234 [Worker-19: Launching mavenrun-64401e42-1c48-4f55-91b5-1e264d0f9dfb] INFO  o.eclipse.m2e.core.internal.Bundles - 	Entry: C:\Users\amitsaib\Downloads\eclipse-jee-2023-03-R-win32-x86_64\eclipse\plugins\org.eclipse.m2e.maven.runtime_3.8.701.20230209-1606\jars\maven-settings-3.8.7.jar
2023-10-24 11:10:32,234 [Worker-19: Launching mavenrun-64401e42-1c48-4f55-91b5-1e264d0f9dfb] INFO  o.eclipse.m2e.core.internal.Bundles - 	Entry: C:\Users\amitsaib\Downloads\eclipse-jee-2023-03-R-win32-x86_64\eclipse\plugins\org.eclipse.m2e.maven.runtime_3.8.701.20230209-1606\jars\maven-settings-builder-3.8.7.jar
2023-10-24 11:10:32,234 [Worker-19: Launching mavenrun-64401e42-1c48-4f55-91b5-1e264d0f9dfb] INFO  o.eclipse.m2e.core.internal.Bundles - 	Entry: C:\Users\amitsaib\Downloads\eclipse-jee-2023-03-R-win32-x86_64\eclipse\plugins\org.eclipse.m2e.maven.runtime_3.8.701.20230209-1606\jars\maven-shared-utils-3.3.4.jar
2023-10-24 11:10:32,234 [Worker-19: Launching mavenrun-64401e42-1c48-4f55-91b5-1e264d0f9dfb] INFO  o.eclipse.m2e.core.internal.Bundles - 	Entry: C:\Users\amitsaib\Downloads\eclipse-jee-2023-03-R-win32-x86_64\eclipse\plugins\org.eclipse.m2e.maven.runtime_3.8.701.20230209-1606\jars\okhttp-3.14.1.jar
2023-10-24 11:10:32,234 [Worker-19: Launching mavenrun-64401e42-1c48-4f55-91b5-1e264d0f9dfb] INFO  o.eclipse.m2e.core.internal.Bundles - 	Entry: C:\Users\amitsaib\Downloads\eclipse-jee-2023-03-R-win32-x86_64\eclipse\plugins\org.eclipse.m2e.maven.runtime_3.8.701.20230209-1606\jars\okio-1.17.3.jar
2023-10-24 11:10:32,234 [Worker-19: Launching mavenrun-64401e42-1c48-4f55-91b5-1e264d0f9dfb] INFO  o.eclipse.m2e.core.internal.Bundles - 	Entry: C:\Users\amitsaib\Downloads\eclipse-jee-2023-03-R-win32-x86_64\eclipse\plugins\org.eclipse.m2e.maven.runtime_3.8.701.20230209-1606\jars\org.eclipse.sisu.inject-0.3.5.jar
2023-10-24 11:10:32,234 [Worker-19: Launching mavenrun-64401e42-1c48-4f55-91b5-1e264d0f9dfb] INFO  o.eclipse.m2e.core.internal.Bundles - 	Entry: C:\Users\amitsaib\Downloads\eclipse-jee-2023-03-R-win32-x86_64\eclipse\plugins\org.eclipse.m2e.maven.runtime_3.8.701.20230209-1606\jars\org.eclipse.sisu.plexus-0.3.5.jar
2023-10-24 11:10:32,235 [Worker-19: Launching mavenrun-64401e42-1c48-4f55-91b5-1e264d0f9dfb] INFO  o.eclipse.m2e.core.internal.Bundles - 	Entry: C:\Users\amitsaib\Downloads\eclipse-jee-2023-03-R-win32-x86_64\eclipse\plugins\org.eclipse.m2e.maven.runtime_3.8.701.20230209-1606\jars\plexus-build-api-0.0.7.jar
2023-10-24 11:10:32,235 [Worker-19: Launching mavenrun-64401e42-1c48-4f55-91b5-1e264d0f9dfb] INFO  o.eclipse.m2e.core.internal.Bundles - 	Entry: C:\Users\amitsaib\Downloads\eclipse-jee-2023-03-R-win32-x86_64\eclipse\plugins\org.eclipse.m2e.maven.runtime_3.8.701.20230209-1606\jars\plexus-cipher-2.0.jar
2023-10-24 11:10:32,235 [Worker-19: Launching mavenrun-64401e42-1c48-4f55-91b5-1e264d0f9dfb] INFO  o.eclipse.m2e.core.internal.Bundles - 	Entry: C:\Users\amitsaib\Downloads\eclipse-jee-2023-03-R-win32-x86_64\eclipse\plugins\org.eclipse.m2e.maven.runtime_3.8.701.20230209-1606\jars\plexus-classworlds-2.6.0.jar
2023-10-24 11:10:32,235 [Worker-19: Launching mavenrun-64401e42-1c48-4f55-91b5-1e264d0f9dfb] INFO  o.eclipse.m2e.core.internal.Bundles - 	Entry: C:\Users\amitsaib\Downloads\eclipse-jee-2023-03-R-win32-x86_64\eclipse\plugins\org.eclipse.m2e.maven.runtime_3.8.701.20230209-1606\jars\plexus-component-annotations-2.1.0.jar
2023-10-24 11:10:32,235 [Worker-19: Launching mavenrun-64401e42-1c48-4f55-91b5-1e264d0f9dfb] INFO  o.eclipse.m2e.core.internal.Bundles - 	Entry: C:\Users\amitsaib\Downloads\eclipse-jee-2023-03-R-win32-x86_64\eclipse\plugins\org.eclipse.m2e.maven.runtime_3.8.701.20230209-1606\jars\plexus-interpolation-1.26.jar
2023-10-24 11:10:32,235 [Worker-19: Launching mavenrun-64401e42-1c48-4f55-91b5-1e264d0f9dfb] INFO  o.eclipse.m2e.core.internal.Bundles - 	Entry: C:\Users\amitsaib\Downloads\eclipse-jee-2023-03-R-win32-x86_64\eclipse\plugins\org.eclipse.m2e.maven.runtime_3.8.701.20230209-1606\jars\plexus-sec-dispatcher-2.0.jar
2023-10-24 11:10:32,235 [Worker-19: Launching mavenrun-64401e42-1c48-4f55-91b5-1e264d0f9dfb] INFO  o.eclipse.m2e.core.internal.Bundles - 	Entry: C:\Users\amitsaib\Downloads\eclipse-jee-2023-03-R-win32-x86_64\eclipse\plugins\org.eclipse.m2e.maven.runtime_3.8.701.20230209-1606\jars\plexus-utils-3.3.1.jar
2023-10-24 11:10:32,235 [Worker-19: Launching mavenrun-64401e42-1c48-4f55-91b5-1e264d0f9dfb] INFO  o.eclipse.m2e.core.internal.Bundles - 	Entry: C:\Users\amitsaib\Downloads\eclipse-jee-2023-03-R-win32-x86_64\eclipse\plugins\org.eclipse.m2e.maven.runtime_3.8.701.20230209-1606\jars\wagon-file-3.5.3.jar
2023-10-24 11:10:32,235 [Worker-19: Launching mavenrun-64401e42-1c48-4f55-91b5-1e264d0f9dfb] INFO  o.eclipse.m2e.core.internal.Bundles - 	Entry: C:\Users\amitsaib\Downloads\eclipse-jee-2023-03-R-win32-x86_64\eclipse\plugins\org.eclipse.m2e.maven.runtime_3.8.701.20230209-1606\jars\wagon-provider-api-3.5.3.jar
2023-10-24 11:10:32,236 [Worker-19: Launching mavenrun-64401e42-1c48-4f55-91b5-1e264d0f9dfb] INFO  o.eclipse.m2e.core.internal.Bundles - getClasspathEntries(Bundle=com.google.guava_31.1.0.jre [11])
2023-10-24 11:10:32,237 [Worker-19: Launching mavenrun-64401e42-1c48-4f55-91b5-1e264d0f9dfb] INFO  o.eclipse.m2e.core.internal.Bundles - 	Entry: C:\Users\amitsaib\Downloads\eclipse-jee-2023-03-R-win32-x86_64\eclipse\plugins\com.google.guava_31.1.0.jre.jar
2023-10-24 11:10:32,237 [Worker-19: Launching mavenrun-64401e42-1c48-4f55-91b5-1e264d0f9dfb] INFO  o.eclipse.m2e.core.internal.Bundles - getClasspathEntries(Bundle=slf4j.api_1.7.36 [924])
2023-10-24 11:10:32,432 [Worker-19: Launching mavenrun-64401e42-1c48-4f55-91b5-1e264d0f9dfb] INFO  o.eclipse.m2e.core.internal.Bundles - 	Entry: C:\Users\amitsaib\Downloads\eclipse-jee-2023-03-R-win32-x86_64\eclipse\plugins\slf4j.api_1.7.36.jar
2023-10-24 11:10:32,432 [Worker-19: Launching mavenrun-64401e42-1c48-4f55-91b5-1e264d0f9dfb] INFO  o.eclipse.m2e.core.internal.Bundles - getClasspathEntries(Bundle=javax.inject_1.0.0.v20220405-0441 [35])
2023-10-24 11:10:32,558 [Worker-19: Launching mavenrun-64401e42-1c48-4f55-91b5-1e264d0f9dfb] INFO  o.eclipse.m2e.core.internal.Bundles - 	Entry: C:\Users\amitsaib\Downloads\eclipse-jee-2023-03-R-win32-x86_64\eclipse\plugins\javax.inject_1.0.0.v20220405-0441.jar
2023-10-24 11:10:32,558 [Worker-19: Launching mavenrun-64401e42-1c48-4f55-91b5-1e264d0f9dfb] INFO  o.eclipse.m2e.core.internal.Bundles - getClasspathEntries(Bundle=javax.annotation_1.3.5.v20221203-1659 [33])
2023-10-24 11:10:32,737 [Worker-19: Launching mavenrun-64401e42-1c48-4f55-91b5-1e264d0f9dfb] INFO  o.eclipse.m2e.core.internal.Bundles - 	Entry: C:\Users\amitsaib\Downloads\eclipse-jee-2023-03-R-win32-x86_64\eclipse\plugins\javax.annotation_1.3.5.v20221203-1659.jar
2023-10-24 11:10:32,737 [Worker-19: Launching mavenrun-64401e42-1c48-4f55-91b5-1e264d0f9dfb] INFO  o.eclipse.m2e.core.internal.Bundles - getClasspathEntries(Bundle=org.apache.commons.cli_1.4.0.v20221112-0806 [67])
2023-10-24 11:10:32,738 [Worker-19: Launching mavenrun-64401e42-1c48-4f55-91b5-1e264d0f9dfb] INFO  o.eclipse.m2e.core.internal.Bundles - 	Entry: C:\Users\amitsaib\Downloads\eclipse-jee-2023-03-R-win32-x86_64\eclipse\plugins\org.apache.commons.cli_1.4.0.v20221112-0806.jar
2023-10-24 11:10:32,738 [Worker-19: Launching mavenrun-64401e42-1c48-4f55-91b5-1e264d0f9dfb] INFO  o.eclipse.m2e.core.internal.Bundles - getClasspathEntries(Bundle=com.google.guava.failureaccess_1.0.1 [13])
2023-10-24 11:10:32,810 [Worker-19: Launching mavenrun-64401e42-1c48-4f55-91b5-1e264d0f9dfb] INFO  o.eclipse.m2e.core.internal.Bundles - 	Entry: C:\Users\amitsaib\Downloads\eclipse-jee-2023-03-R-win32-x86_64\eclipse\plugins\com.google.guava.failureaccess_1.0.1.jar
2023-10-24 11:10:32,814 [Worker-19: Launching mavenrun-64401e42-1c48-4f55-91b5-1e264d0f9dfb] INFO  o.e.m.i.launch.MavenLaunchDelegate - Run build in "C:\Users\amitsaib\AppData\Local\Temp\m2e-archetypeGenerator9607558950420103773":
2023-10-24 11:10:32,817 [Worker-19: Launching mavenrun-64401e42-1c48-4f55-91b5-1e264d0f9dfb] INFO  o.e.m.i.launch.MavenLaunchDelegate -  mvn  -DarchetypeGroupId=org.glassfish.jersey.archetypes -DarchetypeArtifactId=jersey-quickstart-webapp -DarchetypeVersion=3.1.3 -DgroupId=Infinite -DartifactId=InsuranceClient -Dversion=0.0.1-SNAPSHOT -Dpackage=com.java.ejb -DoutputDirectory=D:\EJB3 -Dstyle.color=always -U archetype:generate
2023-10-24 11:10:41,319 [Worker-5: Creating jersey-quickstart-webapp] INFO  o.e.m.c.i.p.ProjectConfigurationManager - Collecting project info '/pom.xml' D:\EJB3\InsuranceClient\pom.xml
2023-10-24 11:10:45,982 [Worker-5: Creating jersey-quickstart-webapp] INFO  o.e.m.c.i.l.LifecycleMappingFactory - Using org.maven.ide.eclipse.wtp.WarLifecycleMapping lifecycle mapping for MavenProject: Infinite:InsuranceClient:0.0.1-SNAPSHOT @ D:\EJB3\InsuranceClient\pom.xml.
2023-10-24 11:10:49,363 [Worker-5: Creating jersey-quickstart-webapp] INFO  o.e.m.j.i.AbstractJavaProjectConfigurator - Adding source folder /InsuranceClient/src/main/java
2023-10-24 11:10:49,364 [Worker-5: Creating jersey-quickstart-webapp] INFO  o.e.m.j.i.AbstractJavaProjectConfigurator - Adding resource folder /InsuranceClient/src/main/resources
2023-10-24 11:10:49,373 [Worker-5: Creating jersey-quickstart-webapp] INFO  o.e.m.j.i.AbstractJavaProjectConfigurator - Adding source folder /InsuranceClient/src/test/java
2023-10-24 11:10:50,586 [Worker-5: Creating jersey-quickstart-webapp] INFO  o.e.m.c.i.embedder.EclipseLogger - Using 'UTF-8' encoding to copy filtered resources.
2023-10-24 11:10:50,588 [Worker-5: Creating jersey-quickstart-webapp] INFO  o.e.m.c.i.embedder.EclipseLogger - Copying 0 resource
2023-10-24 11:10:50,591 [Worker-5: Creating jersey-quickstart-webapp] INFO  o.e.m.c.i.embedder.EclipseLogger - Using 'UTF-8' encoding to copy filtered resources.
2023-10-24 11:10:50,591 [Worker-5: Creating jersey-quickstart-webapp] INFO  o.e.m.c.i.embedder.EclipseLogger - skip non existing resourceDirectory D:\EJB3\InsuranceClient\src\test\resources
2023-10-24 11:10:51,023 [Worker-5: Creating jersey-quickstart-webapp] INFO  o.e.m.c.i.p.ProjectConfigurationManager - Imported and configured 1 project(s) in 9 sec
2023-10-24 11:10:51,753 [Worker-11: Building] INFO  o.e.m.c.i.embedder.EclipseLogger - Using 'UTF-8' encoding to copy filtered resources.
2023-10-24 11:10:51,754 [Worker-11: Building] INFO  o.e.m.c.i.embedder.EclipseLogger - Copying 0 resource
2023-10-24 11:10:51,757 [Worker-11: Building] INFO  o.e.m.c.i.embedder.EclipseLogger - Using 'UTF-8' encoding to copy filtered resources.
2023-10-24 11:10:51,757 [Worker-11: Building] INFO  o.e.m.c.i.embedder.EclipseLogger - skip non existing resourceDirectory D:\EJB3\InsuranceClient\src\test\resources
2023-10-24 11:11:20,175 [Worker-0: Building] INFO  o.e.m.c.i.embedder.EclipseLogger - Using 'UTF-8' encoding to copy filtered resources.
2023-10-24 11:11:20,180 [Worker-0: Building] INFO  o.e.m.c.i.embedder.EclipseLogger - Copying 0 resource
2023-10-24 11:11:20,182 [Worker-0: Building] INFO  o.e.m.c.i.embedder.EclipseLogger - Using 'UTF-8' encoding to copy filtered resources.
2023-10-24 11:11:20,182 [Worker-0: Building] INFO  o.e.m.c.i.embedder.EclipseLogger - skip non existing resourceDirectory D:\EJB3\InsuranceClient\src\test\resources
2023-10-24 11:13:30,515 [Worker-27: Building] INFO  o.e.m.c.i.embedder.EclipseLogger - Using 'UTF-8' encoding to copy filtered resources.
2023-10-24 11:13:30,515 [Worker-27: Building] INFO  o.e.m.c.i.embedder.EclipseLogger - Copying 0 resource
2023-10-24 11:13:30,517 [Worker-27: Building] INFO  o.e.m.c.i.embedder.EclipseLogger - Using 'UTF-8' encoding to copy filtered resources.
2023-10-24 11:13:30,517 [Worker-27: Building] INFO  o.e.m.c.i.embedder.EclipseLogger - skip non existing resourceDirectory D:\EJB3\InsuranceClient\src\test\resources
